2025-05-10 15:46:11,239 - INFO - 
=== Initialisation de l'AI ===
2025-05-10 15:46:11,240 - INFO - Initializing AI Controller...
2025-05-10 15:46:11,241 - INFO - Tentative d'initialisation en mode VISION...
2025-05-10 15:46:11,283 - WARNING - Mode VISION non disponible: The confidence keyword argument is only available if OpenCV is installed.
2025-05-10 15:46:11,285 - INFO - Initialisation en mode CLASSIQUE...
2025-05-10 15:46:11,462 - WARNING - From C:\Users\pc\AppData\Local\Programs\Python\Python311\Lib\site-packages\keras\src\backend.py:873: The name tf.get_default_graph is deprecated. Please use tf.compat.v1.get_default_graph instead.

2025-05-10 15:46:11,995 - INFO - AI initialisée en mode CLASSIQUE
2025-05-10 15:46:11,996 - INFO - AI initialisée en mode CLASSIQUE!
2025-05-10 15:46:11,997 - INFO - Taille de la grille: 16x16
2025-05-10 15:46:11,998 - INFO - Nombre de mines: 50
2025-05-10 15:46:30,140 - INFO - Initializing AI Controller...
2025-05-10 15:46:30,141 - INFO - Tentative d'initialisation en mode VISION...
2025-05-10 15:46:30,170 - WARNING - Mode VISION non disponible: The confidence keyword argument is only available if OpenCV is installed.
2025-05-10 15:46:30,171 - INFO - Initialisation en mode CLASSIQUE...
2025-05-10 15:46:30,579 - INFO - AI initialisée en mode CLASSIQUE
2025-05-10 15:46:34,079 - INFO - Initializing AI Controller...
2025-05-10 15:46:34,080 - INFO - Tentative d'initialisation en mode VISION...
2025-05-10 15:46:34,119 - WARNING - Mode VISION non disponible: The confidence keyword argument is only available if OpenCV is installed.
2025-05-10 15:46:34,121 - INFO - Initialisation en mode CLASSIQUE...
2025-05-10 15:46:34,521 - INFO - AI initialisée en mode CLASSIQUE
2025-05-10 15:46:38,927 - INFO - Initializing AI Controller...
2025-05-10 15:46:38,935 - INFO - Tentative d'initialisation en mode VISION...
2025-05-10 15:46:39,065 - WARNING - Mode VISION non disponible: The confidence keyword argument is only available if OpenCV is installed.
2025-05-10 15:46:39,082 - INFO - Initialisation en mode CLASSIQUE...
2025-05-10 15:46:40,234 - INFO - AI initialisée en mode CLASSIQUE
2025-05-10 15:47:43,281 - INFO - 
=== Initialisation de l'AI ===
2025-05-10 15:47:43,282 - INFO - Initializing AI Controller...
2025-05-10 15:47:43,283 - INFO - Tentative d'initialisation en mode VISION...
2025-05-10 15:47:43,331 - WARNING - Mode VISION non disponible: The confidence keyword argument is only available if OpenCV is installed.
2025-05-10 15:47:43,333 - INFO - Initialisation en mode CLASSIQUE...
2025-05-10 15:47:43,620 - WARNING - From C:\Users\pc\AppData\Local\Programs\Python\Python311\Lib\site-packages\keras\src\backend.py:873: The name tf.get_default_graph is deprecated. Please use tf.compat.v1.get_default_graph instead.

2025-05-10 15:47:44,420 - INFO - AI initialisée en mode CLASSIQUE
2025-05-10 15:47:44,420 - INFO - AI initialisée en mode CLASSIQUE!
2025-05-10 15:47:44,421 - INFO - Taille de la grille: 16x16
2025-05-10 15:47:44,422 - INFO - Nombre de mines: 50
2025-05-10 15:47:48,314 - INFO - Initializing AI Controller...
2025-05-10 15:47:48,314 - INFO - Tentative d'initialisation en mode VISION...
2025-05-10 15:47:48,357 - WARNING - Mode VISION non disponible: The confidence keyword argument is only available if OpenCV is installed.
2025-05-10 15:47:48,359 - INFO - Initialisation en mode CLASSIQUE...
2025-05-10 15:47:48,946 - INFO - AI initialisée en mode CLASSIQUE
2025-05-10 15:47:53,840 - INFO - Initializing AI Controller...
2025-05-10 15:47:53,840 - INFO - Tentative d'initialisation en mode VISION...
2025-05-10 15:47:53,888 - WARNING - Mode VISION non disponible: The confidence keyword argument is only available if OpenCV is installed.
2025-05-10 15:47:53,890 - INFO - Initialisation en mode CLASSIQUE...
2025-05-10 15:47:54,624 - INFO - AI initialisée en mode CLASSIQUE
2025-05-10 15:47:59,451 - INFO - 
=== Initialisation de l'AI ===
2025-05-10 15:47:59,452 - INFO - Initializing AI Controller...
2025-05-10 15:47:59,453 - INFO - Tentative d'initialisation en mode VISION...
2025-05-10 15:47:59,490 - WARNING - Mode VISION non disponible: The confidence keyword argument is only available if OpenCV is installed.
2025-05-10 15:47:59,492 - INFO - Initialisation en mode CLASSIQUE...
2025-05-10 15:48:00,082 - INFO - AI initialisée en mode CLASSIQUE
2025-05-10 15:48:00,083 - INFO - AI initialisée en mode CLASSIQUE!
2025-05-10 15:48:00,084 - INFO - Taille de la grille: 16x16
2025-05-10 15:48:00,084 - INFO - Nombre de mines: 50
2025-05-10 15:53:28,298 - INFO - Initializing AI Controller...
2025-05-10 15:53:28,300 - INFO - Tentative d'initialisation en mode VISION...
2025-05-10 15:53:28,340 - WARNING - Mode VISION non disponible: The confidence keyword argument is only available if OpenCV is installed.
2025-05-10 15:53:28,342 - INFO - Initialisation en mode CLASSIQUE...
2025-05-10 15:53:28,829 - INFO - AI initialisée en mode CLASSIQUE
2025-05-10 15:53:37,497 - INFO - 
=== Initialisation de l'AI ===
2025-05-10 15:53:37,498 - INFO - Initializing AI Controller...
2025-05-10 15:53:37,498 - INFO - Tentative d'initialisation en mode VISION...
2025-05-10 15:53:37,548 - WARNING - Mode VISION non disponible: The confidence keyword argument is only available if OpenCV is installed.
2025-05-10 15:53:37,550 - INFO - Initialisation en mode CLASSIQUE...
2025-05-10 15:53:38,174 - INFO - AI initialisée en mode CLASSIQUE
2025-05-10 15:53:38,174 - INFO - AI initialisée en mode CLASSIQUE!
2025-05-10 15:53:38,175 - INFO - Taille de la grille: 16x16
2025-05-10 15:53:38,175 - INFO - Nombre de mines: 50
2025-05-10 18:57:49,972 - INFO - 
=== Initialisation de l'AI ===
2025-05-10 18:57:49,978 - INFO - Initializing AI Controller...
2025-05-10 18:57:49,979 - INFO - Tentative d'initialisation en mode VISION...
2025-05-10 18:57:50,063 - WARNING - Mode VISION non disponible: The confidence keyword argument is only available if OpenCV is installed.
2025-05-10 18:57:50,065 - INFO - Initialisation en mode CLASSIQUE...
2025-05-10 18:57:50,436 - WARNING - From C:\Users\pc\AppData\Local\Programs\Python\Python311\Lib\site-packages\keras\src\backend.py:873: The name tf.get_default_graph is deprecated. Please use tf.compat.v1.get_default_graph instead.

2025-05-10 18:57:51,573 - INFO - AI initialisée en mode CLASSIQUE
2025-05-10 18:57:51,575 - INFO - AI initialisée en mode CLASSIQUE!
2025-05-10 18:57:51,576 - INFO - Taille de la grille: 16x16
2025-05-10 18:57:51,577 - INFO - Nombre de mines: 50
2025-05-10 18:57:58,501 - INFO - Initializing AI Controller...
2025-05-10 18:57:58,501 - INFO - Tentative d'initialisation en mode VISION...
2025-05-10 18:57:58,536 - WARNING - Mode VISION non disponible: The confidence keyword argument is only available if OpenCV is installed.
2025-05-10 18:57:58,538 - INFO - Initialisation en mode CLASSIQUE...
2025-05-10 18:57:59,038 - INFO - AI initialisée en mode CLASSIQUE
2025-05-10 18:58:13,255 - INFO - 
=== Initialisation de l'AI ===
2025-05-10 18:58:13,256 - INFO - Initializing AI Controller...
2025-05-10 18:58:13,257 - INFO - Tentative d'initialisation en mode VISION...
2025-05-10 18:58:13,313 - WARNING - Mode VISION non disponible: The confidence keyword argument is only available if OpenCV is installed.
2025-05-10 18:58:13,315 - INFO - Initialisation en mode CLASSIQUE...
2025-05-10 18:58:13,822 - INFO - AI initialisée en mode CLASSIQUE
2025-05-10 18:58:13,822 - INFO - AI initialisée en mode CLASSIQUE!
2025-05-10 18:58:13,823 - INFO - Taille de la grille: 16x16
2025-05-10 18:58:13,824 - INFO - Nombre de mines: 50
2025-05-10 19:01:06,528 - INFO - 
=== Initialisation de l'AI ===
2025-05-10 19:01:06,535 - INFO - Initializing AI Controller...
2025-05-10 19:01:06,535 - INFO - Tentative d'initialisation en mode VISION...
2025-05-10 19:01:06,585 - WARNING - Mode VISION non disponible: The confidence keyword argument is only available if OpenCV is installed.
2025-05-10 19:01:06,586 - INFO - Initialisation en mode CLASSIQUE...
2025-05-10 19:01:06,823 - WARNING - From C:\Users\pc\AppData\Local\Programs\Python\Python311\Lib\site-packages\keras\src\backend.py:873: The name tf.get_default_graph is deprecated. Please use tf.compat.v1.get_default_graph instead.

2025-05-10 19:01:07,832 - INFO - AI initialisée en mode CLASSIQUE
2025-05-10 19:01:07,833 - INFO - AI initialisée en mode CLASSIQUE!
2025-05-10 19:01:07,834 - INFO - Taille de la grille: 16x16
2025-05-10 19:01:07,834 - INFO - Nombre de mines: 50
2025-05-10 19:01:16,299 - INFO - Initializing AI Controller...
2025-05-10 19:01:16,300 - INFO - Tentative d'initialisation en mode VISION...
2025-05-10 19:01:16,346 - WARNING - Mode VISION non disponible: The confidence keyword argument is only available if OpenCV is installed.
2025-05-10 19:01:16,349 - INFO - Initialisation en mode CLASSIQUE...
2025-05-10 19:01:16,843 - INFO - AI initialisée en mode CLASSIQUE
2025-05-10 19:01:18,246 - INFO - Initializing AI Controller...
2025-05-10 19:01:18,248 - INFO - Tentative d'initialisation en mode VISION...
2025-05-10 19:01:18,296 - WARNING - Mode VISION non disponible: The confidence keyword argument is only available if OpenCV is installed.
2025-05-10 19:01:18,298 - INFO - Initialisation en mode CLASSIQUE...
2025-05-10 19:01:18,817 - INFO - AI initialisée en mode CLASSIQUE
2025-05-10 19:01:19,645 - INFO - Initializing AI Controller...
2025-05-10 19:01:19,648 - INFO - Tentative d'initialisation en mode VISION...
2025-05-10 19:01:19,703 - WARNING - Mode VISION non disponible: The confidence keyword argument is only available if OpenCV is installed.
2025-05-10 19:01:19,705 - INFO - Initialisation en mode CLASSIQUE...
2025-05-10 19:01:20,230 - INFO - AI initialisée en mode CLASSIQUE
2025-05-10 19:01:20,837 - INFO - Initializing AI Controller...
2025-05-10 19:01:20,838 - INFO - Tentative d'initialisation en mode VISION...
2025-05-10 19:01:20,897 - WARNING - Mode VISION non disponible: The confidence keyword argument is only available if OpenCV is installed.
2025-05-10 19:01:20,898 - INFO - Initialisation en mode CLASSIQUE...
2025-05-10 19:01:21,545 - INFO - AI initialisée en mode CLASSIQUE
2025-05-10 19:01:21,562 - INFO - Initializing AI Controller...
2025-05-10 19:01:21,563 - INFO - Tentative d'initialisation en mode VISION...
2025-05-10 19:01:21,612 - WARNING - Mode VISION non disponible: The confidence keyword argument is only available if OpenCV is installed.
2025-05-10 19:01:21,614 - INFO - Initialisation en mode CLASSIQUE...
2025-05-10 19:01:22,213 - INFO - AI initialisée en mode CLASSIQUE
2025-05-10 19:01:22,215 - INFO - Initializing AI Controller...
2025-05-10 19:01:22,216 - INFO - Tentative d'initialisation en mode VISION...
2025-05-10 19:01:22,256 - WARNING - Mode VISION non disponible: The confidence keyword argument is only available if OpenCV is installed.
2025-05-10 19:01:22,258 - INFO - Initialisation en mode CLASSIQUE...
2025-05-10 19:01:22,907 - INFO - AI initialisée en mode CLASSIQUE
2025-05-10 19:01:24,994 - INFO - 
=== Initialisation de l'AI ===
2025-05-10 19:01:24,995 - INFO - Initializing AI Controller...
2025-05-10 19:01:24,996 - INFO - Tentative d'initialisation en mode VISION...
2025-05-10 19:01:25,042 - WARNING - Mode VISION non disponible: The confidence keyword argument is only available if OpenCV is installed.
2025-05-10 19:01:25,046 - INFO - Initialisation en mode CLASSIQUE...
2025-05-10 19:01:25,565 - INFO - AI initialisée en mode CLASSIQUE
2025-05-10 19:01:25,565 - INFO - AI initialisée en mode CLASSIQUE!
2025-05-10 19:01:25,566 - INFO - Taille de la grille: 14x14
2025-05-10 19:01:25,567 - INFO - Nombre de mines: 30
2025-05-10 19:03:07,694 - INFO - 
=== Initialisation de l'AI ===
2025-05-10 19:03:07,695 - INFO - Initializing AI Controller...
2025-05-10 19:03:07,696 - INFO - Tentative d'initialisation en mode VISION...
2025-05-10 19:03:07,754 - WARNING - Mode VISION non disponible: The confidence keyword argument is only available if OpenCV is installed.
2025-05-10 19:03:07,757 - INFO - Initialisation en mode CLASSIQUE...
2025-05-10 19:03:08,000 - WARNING - From C:\Users\pc\AppData\Local\Programs\Python\Python311\Lib\site-packages\keras\src\backend.py:873: The name tf.get_default_graph is deprecated. Please use tf.compat.v1.get_default_graph instead.

2025-05-10 19:03:08,600 - INFO - AI initialisée en mode CLASSIQUE
2025-05-10 19:03:08,601 - INFO - AI initialisée en mode CLASSIQUE!
2025-05-10 19:03:08,601 - INFO - Taille de la grille: 16x16
2025-05-10 19:03:08,602 - INFO - Nombre de mines: 50
2025-05-10 19:03:22,645 - INFO - Initializing AI Controller...
2025-05-10 19:03:22,645 - INFO - Tentative d'initialisation en mode VISION...
2025-05-10 19:03:22,691 - WARNING - Mode VISION non disponible: The confidence keyword argument is only available if OpenCV is installed.
2025-05-10 19:03:22,695 - INFO - Initialisation en mode CLASSIQUE...
2025-05-10 19:03:23,186 - INFO - AI initialisée en mode CLASSIQUE
2025-05-10 19:04:21,236 - INFO - 
=== Initialisation de l'AI ===
2025-05-10 19:04:21,237 - INFO - Initializing AI Controller...
2025-05-10 19:04:21,238 - INFO - Tentative d'initialisation en mode VISION...
2025-05-10 19:04:21,288 - WARNING - Mode VISION non disponible: The confidence keyword argument is only available if OpenCV is installed.
2025-05-10 19:04:21,290 - INFO - Initialisation en mode CLASSIQUE...
2025-05-10 19:04:21,557 - WARNING - From C:\Users\pc\AppData\Local\Programs\Python\Python311\Lib\site-packages\keras\src\backend.py:873: The name tf.get_default_graph is deprecated. Please use tf.compat.v1.get_default_graph instead.

2025-05-10 19:04:22,206 - INFO - AI initialisée en mode CLASSIQUE
2025-05-10 19:04:22,208 - INFO - AI initialisée en mode CLASSIQUE!
2025-05-10 19:04:22,209 - INFO - Taille de la grille: 16x16
2025-05-10 19:04:22,210 - INFO - Nombre de mines: 50
2025-05-10 19:04:49,845 - INFO - Initializing AI Controller...
2025-05-10 19:04:49,845 - INFO - Tentative d'initialisation en mode VISION...
2025-05-10 19:04:49,889 - WARNING - Mode VISION non disponible: The confidence keyword argument is only available if OpenCV is installed.
2025-05-10 19:04:49,891 - INFO - Initialisation en mode CLASSIQUE...
2025-05-10 19:04:50,446 - INFO - AI initialisée en mode CLASSIQUE
2025-05-10 19:07:01,999 - INFO - 
=== Initialisation de l'AI ===
2025-05-10 19:07:02,000 - INFO - Initializing AI Controller...
2025-05-10 19:07:02,001 - INFO - Tentative d'initialisation en mode VISION...
2025-05-10 19:07:02,059 - WARNING - Mode VISION non disponible: The confidence keyword argument is only available if OpenCV is installed.
2025-05-10 19:07:02,064 - INFO - Initialisation en mode CLASSIQUE...
2025-05-10 19:07:02,767 - INFO - AI initialisée en mode CLASSIQUE
2025-05-10 19:07:02,768 - INFO - AI initialisée en mode CLASSIQUE!
2025-05-10 19:07:02,769 - INFO - Taille de la grille: 16x16
2025-05-10 19:07:02,770 - INFO - Nombre de mines: 50
